<?xml version="1.0" encoding="UTF-8"?>
<!-- Generated by org.testng.reporters.JUnitReportReporter -->
<testsuite skipped="0" hostname="Vinderz-Desktop" name="com.qa.linkedin.testcases.SearchDataDrivenTest" tests="7" failures="0" timestamp="2022-04-01T09:32:13 EDT" time="23.423" errors="0">
  <testcase name="doLoginTest" time="6.585" classname="com.qa.linkedin.testcases.SearchDataDrivenTest"/>
  <system-out/>
  <testcase name="dosearchPeopleTest" time="2.713" classname="com.qa.linkedin.testcases.SearchDataDrivenTest"/>
  <system-out/>
  <testcase name="dosearchPeopleTest" time="2.752" classname="com.qa.linkedin.testcases.SearchDataDrivenTest"/>
  <system-out/>
  <testcase name="dosearchPeopleTest" time="2.796" classname="com.qa.linkedin.testcases.SearchDataDrivenTest"/>
  <system-out/>
  <testcase name="dosearchPeopleTest" time="2.718" classname="com.qa.linkedin.testcases.SearchDataDrivenTest"/>
  <system-out/>
  <testcase name="dosearchPeopleTest" time="2.918" classname="com.qa.linkedin.testcases.SearchDataDrivenTest"/>
  <system-out/>
  <testcase name="dosearchPeopleTest" time="2.941" classname="com.qa.linkedin.testcases.SearchDataDrivenTest"/>
  <system-out/>
</testsuite> <!-- com.qa.linkedin.testcases.SearchDataDrivenTest -->
