<?xml version="1.0" encoding="UTF-8"?>
<!-- Generated by org.testng.reporters.JUnitReportReporter -->
<testsuite skipped="0" hostname="Vinderz-Desktop" name="com.qa.linkedin.testcases.SearchDataDrivenTest" tests="7" failures="0" timestamp="2022-04-01T09:33:11 EDT" time="26.375" errors="0">
  <testcase name="doLoginTest" time="7.270" classname="com.qa.linkedin.testcases.SearchDataDrivenTest"/>
  <system-out/>
  <testcase name="dosearchPeopleTest" time="2.935" classname="com.qa.linkedin.testcases.SearchDataDrivenTest"/>
  <system-out/>
  <testcase name="dosearchPeopleTest" time="2.806" classname="com.qa.linkedin.testcases.SearchDataDrivenTest"/>
  <system-out/>
  <testcase name="dosearchPeopleTest" time="2.822" classname="com.qa.linkedin.testcases.SearchDataDrivenTest"/>
  <system-out/>
  <testcase name="dosearchPeopleTest" time="4.529" classname="com.qa.linkedin.testcases.SearchDataDrivenTest"/>
  <system-out/>
  <testcase name="dosearchPeopleTest" time="2.854" classname="com.qa.linkedin.testcases.SearchDataDrivenTest"/>
  <system-out/>
  <testcase name="dosearchPeopleTest" time="3.159" classname="com.qa.linkedin.testcases.SearchDataDrivenTest"/>
  <system-out/>
</testsuite> <!-- com.qa.linkedin.testcases.SearchDataDrivenTest -->
